arguments: ./engine Chess/
Current dir: /home/tdinh/Documents/CSCI8980/GEFS-HW3/GEFS-CSCI8980-Fall2019/GEFS
File verbosity level: 0
date       time         ( uptime  ) [ thread name/id ]                   file:line     v| 
2019-10-09 14:14:27.080 (   0.001s) [main thread     ]             loguru.cpp:761   INFO| Logging to 'latest_readable.log', mode: 'w', verbosity: 0
2019-10-09 14:14:27.080 (   0.001s) [main thread     ]               main.cpp:92    INFO| Loading game folder Chess/
2019-10-09 14:14:27.080 (   0.001s) [main thread     ]               main.cpp:385   INFO| { configEngine
2019-10-09 14:14:27.080 (   0.001s) [main thread     ]               main.cpp:393   INFO| .   Loading Config File: settings.cfg
2019-10-09 14:14:27.081 (   0.002s) [main thread     ]               main.cpp:385   INFO| } 0.001 s: configEngine
2019-10-09 14:14:27.328 (   0.248s) [main thread     ]          Materials.cpp:21    INFO| { loadMaterials
2019-10-09 14:14:27.331 (   0.251s) [main thread     ]          Materials.cpp:21    INFO| } 0.003 s: loadMaterials
2019-10-09 14:14:27.331 (   0.251s) [main thread     ]               main.cpp:109   INFO| Read 11 materials

2019-10-09 14:14:27.331 (   0.251s) [main thread     ]             Models.cpp:116   INFO| { loadModel
2019-10-09 14:14:27.331 (   0.251s) [main thread     ]             Models.cpp:125   INFO| .   Loading Model File: Chess/Prefabs.txt
2019-10-09 14:14:27.331 (   0.251s) [main thread     ]             Models.cpp:131   INFO| .   File 'Chess/Prefabs.txt' is 109 bytes long.
2019-10-09 14:14:27.331 (   0.252s) [main thread     ]             Models.cpp:158   INFO| .   Creating PreFab Model with name: Castle
2019-10-09 14:14:27.335 (   0.255s) [main thread     ]             Models.cpp:91    INFO| .   { computeBoundingRadius
2019-10-09 14:14:27.335 (   0.255s) [main thread     ]             Models.cpp:112   INFO| .   .   Model Castle.obj-Child-1 bounding radius is 32.185806 
2019-10-09 14:14:27.335 (   0.255s) [main thread     ]             Models.cpp:91    INFO| .   } 0.000 s: computeBoundingRadius
2019-10-09 14:14:27.335 (   0.255s) [main thread     ]             Models.cpp:116   INFO| } 0.004 s: loadModel
2019-10-09 14:14:27.335 (   0.255s) [main thread     ]               main.cpp:112   INFO| Read 3 models

2019-10-09 14:14:27.335 (   0.256s) [main thread     ]              Scene.cpp:19    INFO| { loadScene
2019-10-09 14:14:27.335 (   0.256s) [main thread     ]              Scene.cpp:26    INFO| .   Opening Scene/Environment File: Chess/Scene.txt
2019-10-09 14:14:27.336 (   0.256s) [main thread     ]              Scene.cpp:19    INFO| } 0.001 s: loadScene
2019-10-09 14:14:27.336 (   0.257s) [main thread     ]               main.cpp:115   INFO| Loaded scene file

2019-10-09 14:14:27.432 (   0.353s) [main thread     ]      WindowManager.cpp:47    INFO| 
OpenGL loaded

2019-10-09 14:14:27.432 (   0.353s) [main thread     ]      WindowManager.cpp:48    INFO| Vendor:   Intel Open Source Technology Center

2019-10-09 14:14:27.433 (   0.353s) [main thread     ]      WindowManager.cpp:49    INFO| Renderer: Mesa DRI Intel(R) UHD Graphics 630 (Coffeelake 3x8 GT2) 

2019-10-09 14:14:27.433 (   0.353s) [main thread     ]      WindowManager.cpp:50    INFO| Version:  4.5 (Core Profile) Mesa 19.0.8


2019-10-09 14:14:27.433 (   0.353s) [main thread     ]      WindowManager.cpp:19    INFO| { setWindowSize
2019-10-09 14:14:27.433 (   0.353s) [main thread     ]      WindowManager.cpp:20    INFO| .   Attempting to create a Windowed display of size 1120x700
2019-10-09 14:14:27.433 (   0.353s) [main thread     ]      WindowManager.cpp:25    INFO| .   Created a window of size 1120x700
2019-10-09 14:14:27.433 (   0.353s) [main thread     ]      WindowManager.cpp:19    INFO| } 0.000 s: setWindowSize
2019-10-09 14:14:27.528 (   0.449s) [main thread     ]    RenderingSystem.cpp:365   INFO| Created Colider Circle with 360 verts
2019-10-09 14:14:27.528 (   0.449s) [main thread     ]             Skybox.cpp:37    INFO| { loadCubemap
2019-10-09 14:14:28.369 (   1.289s) [main thread     ]             Skybox.cpp:37    INFO| } 0.840 s: loadCubemap
2019-10-09 14:14:28.370 (   1.290s) [main thread     ]               main.cpp:138   INFO| Loading Gamescript: 'Chess/main.lua'
2019-10-09 14:14:28.370 (   1.291s) [main thread     ]               main.cpp:146   INFO| Script Loaded without Error.
2019-10-09 14:14:47.892 (  20.812s) [main thread     ]             loguru.cpp:477   INFO| atexit
