arguments: ./engine Chess/
Current dir: /home/tdinh/Documents/CSCI8980/GEFS-HW3/GEFS-CSCI8980-Fall2019/GEFS
File verbosity level: 9
date       time         ( uptime  ) [ thread name/id ]                   file:line     v| 
2019-10-09 14:14:27.080 (   0.000s) [main thread     ]             loguru.cpp:761   INFO| Logging to 'latest_fullLog.log', mode: 'w', verbosity: 9
2019-10-09 14:14:27.080 (   0.001s) [main thread     ]             loguru.cpp:761   INFO| Logging to 'latest_readable.log', mode: 'w', verbosity: 0
2019-10-09 14:14:27.080 (   0.001s) [main thread     ]               main.cpp:92    INFO| Loading game folder Chess/
2019-10-09 14:14:27.080 (   0.001s) [main thread     ]               main.cpp:385   INFO| { configEngine
2019-10-09 14:14:27.080 (   0.001s) [main thread     ]               main.cpp:393   INFO| .   Loading Config File: settings.cfg
2019-10-09 14:14:27.080 (   0.001s) [main thread     ]               main.cpp:401      2| .   Skipping comment: #You can set defaults here (outide of any [] blocks)

2019-10-09 14:14:27.080 (   0.001s) [main thread     ]               main.cpp:401      2| .   Skipping comment: #startFullscreen = 1  #default to full screen

2019-10-09 14:14:27.081 (   0.001s) [main thread     ]               main.cpp:401      2| .   Skipping comment: #drawColliders = 1

2019-10-09 14:14:27.081 (   0.001s) [main thread     ]               main.cpp:401      2| .   Skipping comment: #useBloom = 1

2019-10-09 14:14:27.081 (   0.001s) [main thread     ]               main.cpp:468      1| .   Setting Camera Near Plane to 0.200000
2019-10-09 14:14:27.081 (   0.001s) [main thread     ]               main.cpp:474      1| .   Setting Camera Far Plane to 30.000000
2019-10-09 14:14:27.081 (   0.001s) [main thread     ]               main.cpp:480      1| .   Using View Frustum Culling: TRUE
2019-10-09 14:14:27.081 (   0.001s) [main thread     ]               main.cpp:486      1| .   Using View Frustum Culling: TRUE
2019-10-09 14:14:27.081 (   0.001s) [main thread     ]               main.cpp:425      1| .   Using Shadow map: TRUE
2019-10-09 14:14:27.081 (   0.001s) [main thread     ]               main.cpp:455      1| .   Drawing colliders: FALSE
2019-10-09 14:14:27.081 (   0.001s) [main thread     ]               main.cpp:401      2| .   Skipping comment: #startFullscreen = 1

2019-10-09 14:14:27.081 (   0.001s) [main thread     ]               main.cpp:401      2| .   Skipping comment: # A low-def version that enables all the rendering components to make sure they work together

2019-10-09 14:14:27.081 (   0.002s) [main thread     ]               main.cpp:385   INFO| } 0.001 s: configEngine
2019-10-09 14:14:27.328 (   0.248s) [main thread     ]          Materials.cpp:21    INFO| { loadMaterials
2019-10-09 14:14:27.328 (   0.248s) [main thread     ]          Materials.cpp:34       2| .   File 'Chess/materials.txt' is 1017 bytes long.
2019-10-09 14:14:27.328 (   0.248s) [main thread     ]          Materials.cpp:43       2| .   Skipping comment: #This is the material file, here we specify all the materials needed by the game scene

2019-10-09 14:14:27.328 (   0.248s) [main thread     ]          Materials.cpp:109      1| .   Setting texture directory to: ./textures/
2019-10-09 14:14:27.328 (   0.249s) [main thread     ]          Materials.cpp:65       1| .   Creating material with name: Aluminium
2019-10-09 14:14:27.328 (   0.249s) [main thread     ]          Materials.cpp:71       1| .   Metalic property of 0.800000
2019-10-09 14:14:27.328 (   0.249s) [main thread     ]          Materials.cpp:81       1| .   Roughness property of 0.510000
2019-10-09 14:14:27.328 (   0.249s) [main thread     ]          Materials.cpp:87       1| .   ior property of 2.000000
2019-10-09 14:14:27.328 (   0.249s) [main thread     ]          Materials.cpp:103      1| .   Color of: 0.910000, 0.920000, 0.920000
2019-10-09 14:14:27.328 (   0.249s) [main thread     ]          Materials.cpp:65       1| .   Creating material with name: Nickel
2019-10-09 14:14:27.328 (   0.249s) [main thread     ]          Materials.cpp:71       1| .   Metalic property of 0.900000
2019-10-09 14:14:27.328 (   0.249s) [main thread     ]          Materials.cpp:81       1| .   Roughness property of 0.640000
2019-10-09 14:14:27.329 (   0.249s) [main thread     ]          Materials.cpp:87       1| .   ior property of 2.000000
2019-10-09 14:14:27.329 (   0.249s) [main thread     ]          Materials.cpp:103      1| .   Color of: 0.660000, 0.600000, 0.500000
2019-10-09 14:14:27.329 (   0.249s) [main thread     ]          Materials.cpp:65       1| .   Creating material with name: Steel
2019-10-09 14:14:27.329 (   0.249s) [main thread     ]          Materials.cpp:71       1| .   Metalic property of 0.900000
2019-10-09 14:14:27.329 (   0.249s) [main thread     ]          Materials.cpp:81       1| .   Roughness property of 0.640000
2019-10-09 14:14:27.329 (   0.249s) [main thread     ]          Materials.cpp:87       1| .   ior property of 2.000000
2019-10-09 14:14:27.329 (   0.249s) [main thread     ]          Materials.cpp:103      1| .   Color of: 0.600000, 0.620000, 0.620000
2019-10-09 14:14:27.329 (   0.249s) [main thread     ]          Materials.cpp:65       1| .   Creating material with name: Gold
2019-10-09 14:14:27.329 (   0.249s) [main thread     ]          Materials.cpp:71       1| .   Metalic property of 0.900000
2019-10-09 14:14:27.329 (   0.249s) [main thread     ]          Materials.cpp:81       1| .   Roughness property of 0.360000
2019-10-09 14:14:27.329 (   0.249s) [main thread     ]          Materials.cpp:87       1| .   ior property of 2.000000
2019-10-09 14:14:27.329 (   0.249s) [main thread     ]          Materials.cpp:92       1| .   reflectiveness of 0.010000
2019-10-09 14:14:27.329 (   0.249s) [main thread     ]          Materials.cpp:103      1| .   Color of: 1.000000, 0.800000, 0.140000
2019-10-09 14:14:27.329 (   0.249s) [main thread     ]          Materials.cpp:103      1| .   Color of: 0.850000, 0.650000, 0.130000
2019-10-09 14:14:27.329 (   0.249s) [main thread     ]          Materials.cpp:65       1| .   Creating material with name: Polished Wood
2019-10-09 14:14:27.329 (   0.250s) [main thread     ]          Materials.cpp:130      1| .   New texture named: ./textures/wood.jpg
2019-10-09 14:14:27.329 (   0.250s) [main thread     ]          Materials.cpp:71       1| .   Metalic property of 0.000000
2019-10-09 14:14:27.329 (   0.250s) [main thread     ]          Materials.cpp:81       1| .   Roughness property of 0.190000
2019-10-09 14:14:27.329 (   0.250s) [main thread     ]          Materials.cpp:87       1| .   ior property of 1.400000
2019-10-09 14:14:27.329 (   0.250s) [main thread     ]          Materials.cpp:43       2| .   Skipping comment: #color = 0.8 0.4 0.2

2019-10-09 14:14:27.329 (   0.250s) [main thread     ]          Materials.cpp:103      1| .   Color of: 1.000000, 1.000000, 1.000000
2019-10-09 14:14:27.329 (   0.250s) [main thread     ]          Materials.cpp:65       1| .   Creating material with name: Dark Polished Wood
2019-10-09 14:14:27.329 (   0.250s) [main thread     ]          Materials.cpp:123      1| .   Reusing existing texture: ./textures/wood.jpg
2019-10-09 14:14:27.329 (   0.250s) [main thread     ]          Materials.cpp:71       1| .   Metalic property of 0.000000
2019-10-09 14:14:27.329 (   0.250s) [main thread     ]          Materials.cpp:81       1| .   Roughness property of 0.190000
2019-10-09 14:14:27.330 (   0.250s) [main thread     ]          Materials.cpp:87       1| .   ior property of 1.400000
2019-10-09 14:14:27.330 (   0.250s) [main thread     ]          Materials.cpp:43       2| .   Skipping comment: #color = 0.8 0.4 0.2

2019-10-09 14:14:27.330 (   0.250s) [main thread     ]          Materials.cpp:103      1| .   Color of: 0.750000, 0.200000, 0.200000
2019-10-09 14:14:27.330 (   0.250s) [main thread     ]          Materials.cpp:65       1| .   Creating material with name: Shiny Red Plastic
2019-10-09 14:14:27.330 (   0.250s) [main thread     ]          Materials.cpp:71       1| .   Metalic property of 0.000000
2019-10-09 14:14:27.330 (   0.250s) [main thread     ]          Materials.cpp:81       1| .   Roughness property of 0.190000
2019-10-09 14:14:27.330 (   0.250s) [main thread     ]          Materials.cpp:87       1| .   ior property of 1.500000
2019-10-09 14:14:27.330 (   0.250s) [main thread     ]          Materials.cpp:103      1| .   Color of: 0.900000, 0.050000, 0.050000
2019-10-09 14:14:27.330 (   0.250s) [main thread     ]          Materials.cpp:43       2| .   Skipping comment: #emissive = 2 1 1

2019-10-09 14:14:27.330 (   0.250s) [main thread     ]          Materials.cpp:43       2| .   Skipping comment: #texture = brick.jpg

2019-10-09 14:14:27.330 (   0.250s) [main thread     ]          Materials.cpp:43       2| .   Skipping comment: #color = 1 1 1 

2019-10-09 14:14:27.330 (   0.250s) [main thread     ]          Materials.cpp:65       1| .   Creating material with name: Clay
2019-10-09 14:14:27.330 (   0.250s) [main thread     ]          Materials.cpp:71       1| .   Metalic property of 0.000000
2019-10-09 14:14:27.330 (   0.251s) [main thread     ]          Materials.cpp:81       1| .   Roughness property of 0.840000
2019-10-09 14:14:27.330 (   0.251s) [main thread     ]          Materials.cpp:87       1| .   ior property of 1.500000
2019-10-09 14:14:27.330 (   0.251s) [main thread     ]          Materials.cpp:103      1| .   Color of: 0.600000, 0.400000, 0.200000
2019-10-09 14:14:27.330 (   0.251s) [main thread     ]          Materials.cpp:65       1| .   Creating material with name: Warm Light
2019-10-09 14:14:27.330 (   0.251s) [main thread     ]          Materials.cpp:103      1| .   Color of: 1.000000, 1.000000, 1.000000
2019-10-09 14:14:27.330 (   0.251s) [main thread     ]          Materials.cpp:97       1| .   Emissve color of: 30.000000, 20.000000, 1.000000
2019-10-09 14:14:27.330 (   0.251s) [main thread     ]          Materials.cpp:65       1| .   Creating material with name: Glowly White
2019-10-09 14:14:27.330 (   0.251s) [main thread     ]          Materials.cpp:103      1| .   Color of: 1.000000, 1.000000, 1.000000
2019-10-09 14:14:27.331 (   0.251s) [main thread     ]          Materials.cpp:97       1| .   Emissve color of: 10.000000, 10.000000, 10.000000
2019-10-09 14:14:27.331 (   0.251s) [main thread     ]          Materials.cpp:65       1| .   Creating material with name: Red Light
2019-10-09 14:14:27.331 (   0.251s) [main thread     ]          Materials.cpp:103      1| .   Color of: 1.000000, 1.000000, 1.000000
2019-10-09 14:14:27.331 (   0.251s) [main thread     ]          Materials.cpp:97       1| .   Emissve color of: 50.000000, 3.000000, 2.000000
2019-10-09 14:14:27.331 (   0.251s) [main thread     ]          Materials.cpp:21    INFO| } 0.003 s: loadMaterials
2019-10-09 14:14:27.331 (   0.251s) [main thread     ]               main.cpp:109   INFO| Read 11 materials

2019-10-09 14:14:27.331 (   0.251s) [main thread     ]             Models.cpp:116   INFO| { loadModel
2019-10-09 14:14:27.331 (   0.251s) [main thread     ]             Models.cpp:125   INFO| .   Loading Model File: Chess/Prefabs.txt
2019-10-09 14:14:27.331 (   0.251s) [main thread     ]             Models.cpp:131   INFO| .   File 'Chess/Prefabs.txt' is 109 bytes long.
2019-10-09 14:14:27.331 (   0.252s) [main thread     ]             Models.cpp:213      1| .   Setting model directory to: ./models/
2019-10-09 14:14:27.331 (   0.252s) [main thread     ]             Models.cpp:141      2| .   Skipping comment: #teapot knot sphere teapotLowPoly teapot cube

2019-10-09 14:14:27.331 (   0.252s) [main thread     ]             Models.cpp:158   INFO| .   Creating PreFab Model with name: Castle
2019-10-09 14:14:27.331 (   0.252s) [main thread     ]             Models.cpp:168      1| .   Scaling by 0.100000
2019-10-09 14:14:27.331 (   0.252s) [main thread     ]             Models.cpp:239      1| .   Loading obj model ./models/Castle.obj starting at ID: 0
2019-10-09 14:14:27.334 (   0.254s) [main thread     ]             Models.cpp:282      1| .   Creating Material ID 11 with name 'Castle.obj-White_Pieces'
2019-10-09 14:14:27.334 (   0.254s) [main thread     ]             Models.cpp:289      1| .   Loading obj child model Castle.obj-Child-0 as IDs: 1
2019-10-09 14:14:27.334 (   0.254s) [main thread     ]             Models.cpp:306      1| .   Binding material: 'Castle.obj-White_Pieces' (Material ID 11) to Model 1
2019-10-09 14:14:27.334 (   0.254s) [main thread     ]             Models.cpp:319      3| .   CurMat: 0, LastMat: 0
2019-10-09 14:14:27.334 (   0.254s) [main thread     ]             Models.cpp:326      1| .   Loaded 0 vertices
2019-10-09 14:14:27.334 (   0.254s) [main thread     ]             Models.cpp:66       1| .   Adding child Castle.obj-Child-0
2019-10-09 14:14:27.334 (   0.254s) [main thread     ]             Models.cpp:332      1| .   Loading obj child model Castle.obj-Child-1 as IDs: 1
2019-10-09 14:14:27.334 (   0.254s) [main thread     ]             Models.cpp:342      1| .   Binding material: 'Castle.obj-White_Pieces' (Material ID 11) to Model 0
2019-10-09 14:14:27.335 (   0.255s) [main thread     ]             Models.cpp:384      1| .   Loaded 612 vertices
2019-10-09 14:14:27.335 (   0.255s) [main thread     ]             Models.cpp:91    INFO| .   { computeBoundingRadius
2019-10-09 14:14:27.335 (   0.255s) [main thread     ]             Models.cpp:112   INFO| .   .   Model Castle.obj-Child-1 bounding radius is 32.185806 
2019-10-09 14:14:27.335 (   0.255s) [main thread     ]             Models.cpp:91    INFO| .   } 0.000 s: computeBoundingRadius
2019-10-09 14:14:27.335 (   0.255s) [main thread     ]             Models.cpp:66       1| .   Adding child Castle.obj-Child-1
2019-10-09 14:14:27.335 (   0.255s) [main thread     ]             Models.cpp:116   INFO| } 0.004 s: loadModel
2019-10-09 14:14:27.335 (   0.255s) [main thread     ]               main.cpp:112   INFO| Read 3 models

2019-10-09 14:14:27.335 (   0.256s) [main thread     ]              Scene.cpp:19    INFO| { loadScene
2019-10-09 14:14:27.335 (   0.256s) [main thread     ]              Scene.cpp:26    INFO| .   Opening Scene/Environment File: Chess/Scene.txt
2019-10-09 14:14:27.335 (   0.256s) [main thread     ]              Scene.cpp:34       1| .   File 'Chess/Scene.txt' is 440 bytes long.
2019-10-09 14:14:27.335 (   0.256s) [main thread     ]              Scene.cpp:129      1| .   Setting environment map to: ./SkyBoxes/Teide/
2019-10-09 14:14:27.335 (   0.256s) [main thread     ]              Scene.cpp:151      1| .   Setting skybox up to: (0.000000, 1.000000, 0.000000)
2019-10-09 14:14:27.335 (   0.256s) [main thread     ]              Scene.cpp:42       2| .   Skipping comment: #skyColor = 1 1 10

2019-10-09 14:14:27.336 (   0.256s) [main thread     ]              Scene.cpp:157      1| .   Camera FOV set to: 50.000000
2019-10-09 14:14:27.336 (   0.256s) [main thread     ]              Scene.cpp:115      1| .   Setting ambient light to: 0.300000 0.300000 0.300000
2019-10-09 14:14:27.336 (   0.256s) [main thread     ]              Scene.cpp:60       1| .   Light Name is: Sun
2019-10-09 14:14:27.336 (   0.256s) [main thread     ]              Scene.cpp:67       1| .   Setting light direction to: -0.300000 -1.000000 0.400000
2019-10-09 14:14:27.336 (   0.256s) [main thread     ]              Scene.cpp:73       1| .   Setting light distance to: 5.000000
2019-10-09 14:14:27.336 (   0.256s) [main thread     ]              Scene.cpp:79       1| .   Setting light color to: 0.900000 0.900000 1.000000
2019-10-09 14:14:27.336 (   0.256s) [main thread     ]              Scene.cpp:85       1| .   Setting light intensity to: 4.000000
2019-10-09 14:14:27.336 (   0.256s) [main thread     ]              Scene.cpp:109      1| .   Casting Shadow with current light
2019-10-09 14:14:27.336 (   0.256s) [main thread     ]              Scene.cpp:99       1| .   Shadow bias set to: 0.004000
2019-10-09 14:14:27.336 (   0.256s) [main thread     ]              Scene.cpp:93       1| .   Setting shadow frustum to: -6.000000 6.000000 -6.000000 6.000000 1.000000 10.000000
2019-10-09 14:14:27.336 (   0.256s) [main thread     ]              Scene.cpp:19    INFO| } 0.001 s: loadScene
2019-10-09 14:14:27.336 (   0.257s) [main thread     ]               main.cpp:115   INFO| Loaded scene file

2019-10-09 14:14:27.432 (   0.353s) [main thread     ]      WindowManager.cpp:47    INFO| 
OpenGL loaded

2019-10-09 14:14:27.432 (   0.353s) [main thread     ]      WindowManager.cpp:48    INFO| Vendor:   Intel Open Source Technology Center

2019-10-09 14:14:27.433 (   0.353s) [main thread     ]      WindowManager.cpp:49    INFO| Renderer: Mesa DRI Intel(R) UHD Graphics 630 (Coffeelake 3x8 GT2) 

2019-10-09 14:14:27.433 (   0.353s) [main thread     ]      WindowManager.cpp:50    INFO| Version:  4.5 (Core Profile) Mesa 19.0.8


2019-10-09 14:14:27.433 (   0.353s) [main thread     ]      WindowManager.cpp:19    INFO| { setWindowSize
2019-10-09 14:14:27.433 (   0.353s) [main thread     ]      WindowManager.cpp:20    INFO| .   Attempting to create a Windowed display of size 1120x700
2019-10-09 14:14:27.433 (   0.353s) [main thread     ]      WindowManager.cpp:25    INFO| .   Created a window of size 1120x700
2019-10-09 14:14:27.433 (   0.353s) [main thread     ]      WindowManager.cpp:19    INFO| } 0.000 s: setWindowSize
2019-10-09 14:14:27.436 (   0.357s) [main thread     ]    RenderingSystem.cpp:138      1| Loading Texture ./textures/wood.jpg
2019-10-09 14:14:27.525 (   0.446s) [main thread     ]             Shader.cpp:49       1| Compiling against GLSL version: 4.50
2019-10-09 14:14:27.526 (   0.446s) [main thread     ]             Shader.cpp:49       1| Compiling against GLSL version: 4.50
2019-10-09 14:14:27.526 (   0.447s) [main thread     ]             Shader.cpp:49       1| Compiling against GLSL version: 4.50
2019-10-09 14:14:27.526 (   0.447s) [main thread     ]             Shader.cpp:49       1| Compiling against GLSL version: 4.50
2019-10-09 14:14:27.527 (   0.447s) [main thread     ]             Shader.cpp:49       1| Compiling against GLSL version: 4.50
2019-10-09 14:14:27.528 (   0.449s) [main thread     ]    RenderingSystem.cpp:365   INFO| Created Colider Circle with 360 verts
2019-10-09 14:14:27.528 (   0.449s) [main thread     ]             Skybox.cpp:37    INFO| { loadCubemap
2019-10-09 14:14:28.369 (   1.289s) [main thread     ]             Skybox.cpp:37    INFO| } 0.840 s: loadCubemap
2019-10-09 14:14:28.370 (   1.290s) [main thread     ]               main.cpp:138   INFO| Loading Gamescript: 'Chess/main.lua'
2019-10-09 14:14:28.370 (   1.291s) [main thread     ]         luaSupport.cpp:153      1| Adding model Castle at (0.000000, 0.000000, 0.000000)
2019-10-09 14:14:28.370 (   1.291s) [main thread     ]             Models.cpp:66       1| Adding child Castle
2019-10-09 14:14:28.370 (   1.291s) [main thread     ]         luaSupport.cpp:432      1| Setting model Castle0 material to 'Shiny Red Plastic'
2019-10-09 14:14:28.370 (   1.291s) [main thread     ]               main.cpp:146   INFO| Script Loaded without Error.
2019-10-09 14:14:47.892 (  20.812s) [main thread     ]             loguru.cpp:477   INFO| atexit
